This file contains any messages produced by compilers while
running configure, to aid debugging if configure makes a mistake.

It was created by iDouMusic configure 0.1, which was
generated by GNU Autoconf 2.69.  Invocation command line was

  $ ./configure --prefix=/home/yjq/Desktop/build --no-create --no-recursion

## --------- ##
## Platform. ##
## --------- ##

hostname = yjq-pc
uname -m = i686
uname -r = 3.8.0-19-generic
uname -s = Linux
uname -v = #30-Ubuntu SMP Wed May 1 16:36:13 UTC 2013

/usr/bin/uname -p = unknown
/bin/uname -X     = unknown

/bin/arch              = unknown
/usr/bin/arch -k       = unknown
/usr/convex/getsysinfo = unknown
/usr/bin/hostinfo      = unknown
/bin/machine           = unknown
/usr/bin/oslevel       = unknown
/bin/universe          = unknown

PATH: /usr/lib/lightdm/lightdm
PATH: /usr/local/sbin
PATH: /usr/local/bin
PATH: /usr/sbin
PATH: /usr/bin
PATH: /sbin
PATH: /bin
PATH: /usr/games
PATH: /usr/local/games


## ----------- ##
## Core tests. ##
## ----------- ##

configure:2305: checking for a BSD-compatible install
configure:2373: result: /usr/bin/install -c
configure:2384: checking whether build environment is sane
configure:2434: result: yes
configure:2575: checking for a thread-safe mkdir -p
configure:2614: result: /bin/mkdir -p
configure:2627: checking for gawk
configure:2657: result: no
configure:2627: checking for mawk
configure:2643: found /usr/bin/mawk
configure:2654: result: mawk
configure:2665: checking whether make sets $(MAKE)
configure:2687: result: yes
configure:2796: checking build system type
configure:2810: result: i686-pc-linux-gnu
configure:2830: checking host system type
configure:2843: result: i686-pc-linux-gnu
configure:2884: checking how to print strings
configure:2911: result: printf
configure:2944: checking for style of include used by make
configure:2972: result: GNU
configure:3043: checking for gcc
configure:3059: found /usr/bin/gcc
configure:3070: result: gcc
configure:3299: checking for C compiler version
configure:3308: gcc --version >&5
gcc (Ubuntu/Linaro 4.7.3-1ubuntu1) 4.7.3
Copyright (C) 2012 Free Software Foundation, Inc.
This is free software; see the source for copying conditions.  There is NO
warranty; not even for MERCHANTABILITY or FITNESS FOR A PARTICULAR PURPOSE.

configure:3319: $? = 0
configure:3308: gcc -v >&5
Using built-in specs.
COLLECT_GCC=gcc
COLLECT_LTO_WRAPPER=/usr/lib/gcc/i686-linux-gnu/4.7/lto-wrapper
Target: i686-linux-gnu
Configured with: ../src/configure -v --with-pkgversion='Ubuntu/Linaro 4.7.3-1ubuntu1' --with-bugurl=file:///usr/share/doc/gcc-4.7/README.Bugs --enable-languages=c,c++,go,fortran,objc,obj-c++ --prefix=/usr --program-suffix=-4.7 --enable-shared --enable-linker-build-id --libexecdir=/usr/lib --without-included-gettext --enable-threads=posix --with-gxx-include-dir=/usr/include/c++/4.7 --libdir=/usr/lib --enable-nls --with-sysroot=/ --enable-clocale=gnu --enable-libstdcxx-debug --enable-libstdcxx-time=yes --enable-gnu-unique-object --enable-plugin --with-system-zlib --enable-objc-gc --enable-targets=all --with-cloog --enable-cloog-backend=ppl --disable-cloog-version-check --disable-ppl-version-check --enable-multiarch --disable-werror --with-arch-32=i686 --with-multilib-list=m32,m64,mx32 --with-tune=generic --enable-checking=release --build=i686-linux-gnu --host=i686-linux-gnu --target=i686-linux-gnu
Thread model: posix
gcc version 4.7.3 (Ubuntu/Linaro 4.7.3-1ubuntu1) 
configure:3319: $? = 0
configure:3308: gcc -V >&5
gcc: error: unrecognized command line option '-V'
gcc: fatal error: no input files
compilation terminated.
configure:3319: $? = 4
configure:3308: gcc -qversion >&5
gcc: error: unrecognized command line option '-qversion'
gcc: fatal error: no input files
compilation terminated.
configure:3319: $? = 4
configure:3339: checking whether the C compiler works
configure:3361: gcc    conftest.c  >&5
configure:3365: $? = 0
configure:3413: result: yes
configure:3416: checking for C compiler default output file name
configure:3418: result: a.out
configure:3424: checking for suffix of executables
configure:3431: gcc -o conftest    conftest.c  >&5
configure:3435: $? = 0
configure:3457: result: 
configure:3479: checking whether we are cross compiling
configure:3487: gcc -o conftest    conftest.c  >&5
configure:3491: $? = 0
configure:3498: ./conftest
configure:3502: $? = 0
configure:3517: result: no
configure:3522: checking for suffix of object files
configure:3544: gcc -c   conftest.c >&5
configure:3548: $? = 0
configure:3569: result: o
configure:3573: checking whether we are using the GNU C compiler
configure:3592: gcc -c   conftest.c >&5
configure:3592: $? = 0
configure:3601: result: yes
configure:3610: checking whether gcc accepts -g
configure:3630: gcc -c -g  conftest.c >&5
configure:3630: $? = 0
configure:3671: result: yes
configure:3688: checking for gcc option to accept ISO C89
configure:3751: gcc  -c -g -O2  conftest.c >&5
configure:3751: $? = 0
configure:3764: result: none needed
configure:3786: checking dependency style of gcc
configure:3897: result: gcc3
configure:3912: checking for a sed that does not truncate output
configure:3976: result: /bin/sed
configure:3994: checking for grep that handles long lines and -e
configure:4052: result: /bin/grep
configure:4057: checking for egrep
configure:4119: result: /bin/grep -E
configure:4124: checking for fgrep
configure:4186: result: /bin/grep -F
configure:4221: checking for ld used by gcc
configure:4288: result: /usr/bin/ld
configure:4295: checking if the linker (/usr/bin/ld) is GNU ld
configure:4310: result: yes
configure:4322: checking for BSD- or MS-compatible name lister (nm)
configure:4371: result: /usr/bin/nm -B
configure:4501: checking the name lister (/usr/bin/nm -B) interface
configure:4508: gcc -c -g -O2  conftest.c >&5
configure:4511: /usr/bin/nm -B "conftest.o"
configure:4514: output
00000000 B some_variable
configure:4521: result: BSD nm
configure:4524: checking whether ln -s works
configure:4528: result: yes
configure:4536: checking the maximum length of command line arguments
configure:4667: result: 805306365
configure:4684: checking whether the shell understands some XSI constructs
configure:4694: result: yes
configure:4698: checking whether the shell understands "+="
configure:4704: result: yes
configure:4739: checking how to convert i686-pc-linux-gnu file names to i686-pc-linux-gnu format
configure:4779: result: func_convert_file_noop
configure:4786: checking how to convert i686-pc-linux-gnu file names to toolchain format
configure:4806: result: func_convert_file_noop
configure:4813: checking for /usr/bin/ld option to reload object files
configure:4820: result: -r
configure:4894: checking for objdump
configure:4910: found /usr/bin/objdump
configure:4921: result: objdump
configure:4953: checking how to recognize dependent libraries
configure:5151: result: pass_all
configure:5236: checking for dlltool
configure:5266: result: no
configure:5296: checking how to associate runtime and link libraries
configure:5323: result: printf %s\n
configure:5384: checking for ar
configure:5400: found /usr/bin/ar
configure:5411: result: ar
configure:5448: checking for archiver @FILE support
configure:5465: gcc -c -g -O2  conftest.c >&5
configure:5465: $? = 0
configure:5468: ar cru libconftest.a @conftest.lst >&5
configure:5471: $? = 0
configure:5476: ar cru libconftest.a @conftest.lst >&5
ar: conftest.o: No such file or directory
configure:5479: $? = 1
configure:5491: result: @
configure:5549: checking for strip
configure:5565: found /usr/bin/strip
configure:5576: result: strip
configure:5648: checking for ranlib
configure:5664: found /usr/bin/ranlib
configure:5675: result: ranlib
configure:5777: checking command to parse /usr/bin/nm -B output from gcc object
configure:5897: gcc -c -g -O2  conftest.c >&5
configure:5900: $? = 0
configure:5904: /usr/bin/nm -B conftest.o \| sed -n -e 's/^.*[ ]\([ABCDGIRSTW][ABCDGIRSTW]*\)[ ][ ]*\([_A-Za-z][_A-Za-z0-9]*\)$/\1 \2 \2/p' | sed '/ __gnu_lto/d' \> conftest.nm
configure:5907: $? = 0
configure:5973: gcc -o conftest -g -O2   conftest.c conftstm.o >&5
configure:5976: $? = 0
configure:6014: result: ok
configure:6051: checking for sysroot
configure:6081: result: no
configure:6344: checking for mt
configure:6360: found /bin/mt
configure:6371: result: mt
configure:6394: checking if mt is a manifest tool
configure:6400: mt '-?'
configure:6408: result: no
configure:7050: checking how to run the C preprocessor
configure:7081: gcc -E  conftest.c
configure:7081: $? = 0
configure:7095: gcc -E  conftest.c
conftest.c:11:28: fatal error: ac_nonexistent.h: No such file or directory
compilation terminated.
configure:7095: $? = 1
configure: failed program was:
| /* confdefs.h */
| #define PACKAGE_NAME "iDouMusic"
| #define PACKAGE_TARNAME "idoumusic"
| #define PACKAGE_VERSION "0.1"
| #define PACKAGE_STRING "iDouMusic 0.1"
| #define PACKAGE_BUGREPORT ""
| #define PACKAGE_URL ""
| #define PACKAGE "iDouMusic"
| #define VERSION "0.1"
| /* end confdefs.h.  */
| #include <ac_nonexistent.h>
configure:7120: result: gcc -E
configure:7140: gcc -E  conftest.c
configure:7140: $? = 0
configure:7154: gcc -E  conftest.c
conftest.c:11:28: fatal error: ac_nonexistent.h: No such file or directory
compilation terminated.
configure:7154: $? = 1
configure: failed program was:
| /* confdefs.h */
| #define PACKAGE_NAME "iDouMusic"
| #define PACKAGE_TARNAME "idoumusic"
| #define PACKAGE_VERSION "0.1"
| #define PACKAGE_STRING "iDouMusic 0.1"
| #define PACKAGE_BUGREPORT ""
| #define PACKAGE_URL ""
| #define PACKAGE "iDouMusic"
| #define VERSION "0.1"
| /* end confdefs.h.  */
| #include <ac_nonexistent.h>
configure:7183: checking for ANSI C header files
configure:7203: gcc -c -g -O2  conftest.c >&5
configure:7203: $? = 0
configure:7276: gcc -o conftest -g -O2   conftest.c  >&5
configure:7276: $? = 0
configure:7276: ./conftest
configure:7276: $? = 0
configure:7287: result: yes
configure:7300: checking for sys/types.h
configure:7300: gcc -c -g -O2  conftest.c >&5
configure:7300: $? = 0
configure:7300: result: yes
configure:7300: checking for sys/stat.h
configure:7300: gcc -c -g -O2  conftest.c >&5
configure:7300: $? = 0
configure:7300: result: yes
configure:7300: checking for stdlib.h
configure:7300: gcc -c -g -O2  conftest.c >&5
configure:7300: $? = 0
configure:7300: result: yes
configure:7300: checking for string.h
configure:7300: gcc -c -g -O2  conftest.c >&5
configure:7300: $? = 0
configure:7300: result: yes
configure:7300: checking for memory.h
configure:7300: gcc -c -g -O2  conftest.c >&5
configure:7300: $? = 0
configure:7300: result: yes
configure:7300: checking for strings.h
configure:7300: gcc -c -g -O2  conftest.c >&5
configure:7300: $? = 0
configure:7300: result: yes
configure:7300: checking for inttypes.h
configure:7300: gcc -c -g -O2  conftest.c >&5
configure:7300: $? = 0
configure:7300: result: yes
configure:7300: checking for stdint.h
configure:7300: gcc -c -g -O2  conftest.c >&5
configure:7300: $? = 0
configure:7300: result: yes
configure:7300: checking for unistd.h
configure:7300: gcc -c -g -O2  conftest.c >&5
configure:7300: $? = 0
configure:7300: result: yes
configure:7314: checking for dlfcn.h
configure:7314: gcc -c -g -O2  conftest.c >&5
configure:7314: $? = 0
configure:7314: result: yes
configure:7520: checking for objdir
configure:7535: result: .libs
configure:7802: checking if gcc supports -fno-rtti -fno-exceptions
configure:7820: gcc -c -g -O2  -fno-rtti -fno-exceptions conftest.c >&5
cc1: warning: command line option '-fno-rtti' is valid for C++/ObjC++ but not for C [enabled by default]
configure:7824: $? = 0
configure:7837: result: no
configure:8164: checking for gcc option to produce PIC
configure:8171: result: -fPIC -DPIC
configure:8179: checking if gcc PIC flag -fPIC -DPIC works
configure:8197: gcc -c -g -O2  -fPIC -DPIC -DPIC conftest.c >&5
configure:8201: $? = 0
configure:8214: result: yes
configure:8243: checking if gcc static flag -static works
configure:8271: result: yes
configure:8286: checking if gcc supports -c -o file.o
configure:8307: gcc -c -g -O2  -o out/conftest2.o conftest.c >&5
configure:8311: $? = 0
configure:8333: result: yes
configure:8341: checking if gcc supports -c -o file.o
configure:8388: result: yes
configure:8421: checking whether the gcc linker (/usr/bin/ld) supports shared libraries
configure:9578: result: yes
configure:9615: checking whether -lc should be explicitly linked in
configure:9623: gcc -c -g -O2  conftest.c >&5
configure:9626: $? = 0
configure:9641: gcc -shared  -fPIC -DPIC conftest.o  -v -Wl,-soname -Wl,conftest -o conftest 2\>\&1 \| /bin/grep  -lc  \>/dev/null 2\>\&1
configure:9644: $? = 0
configure:9658: result: no
configure:9818: checking dynamic linker characteristics
configure:10318: gcc -o conftest -g -O2   -Wl,-rpath -Wl,/foo conftest.c  >&5
configure:10318: $? = 0
configure:10552: result: GNU/Linux ld.so
configure:10659: checking how to hardcode library paths into programs
configure:10684: result: immediate
configure:11224: checking whether stripping libraries is possible
configure:11229: result: yes
configure:11264: checking if libtool supports shared libraries
configure:11266: result: yes
configure:11269: checking whether to build shared libraries
configure:11290: result: yes
configure:11293: checking whether to build static libraries
configure:11297: result: yes
configure:11397: checking for g++
configure:11413: found /usr/bin/g++
configure:11424: result: g++
configure:11451: checking for C++ compiler version
configure:11460: g++ --version >&5
g++ (Ubuntu/Linaro 4.7.3-1ubuntu1) 4.7.3
Copyright (C) 2012 Free Software Foundation, Inc.
This is free software; see the source for copying conditions.  There is NO
warranty; not even for MERCHANTABILITY or FITNESS FOR A PARTICULAR PURPOSE.

configure:11471: $? = 0
configure:11460: g++ -v >&5
Using built-in specs.
COLLECT_GCC=g++
COLLECT_LTO_WRAPPER=/usr/lib/gcc/i686-linux-gnu/4.7/lto-wrapper
Target: i686-linux-gnu
Configured with: ../src/configure -v --with-pkgversion='Ubuntu/Linaro 4.7.3-1ubuntu1' --with-bugurl=file:///usr/share/doc/gcc-4.7/README.Bugs --enable-languages=c,c++,go,fortran,objc,obj-c++ --prefix=/usr --program-suffix=-4.7 --enable-shared --enable-linker-build-id --libexecdir=/usr/lib --without-included-gettext --enable-threads=posix --with-gxx-include-dir=/usr/include/c++/4.7 --libdir=/usr/lib --enable-nls --with-sysroot=/ --enable-clocale=gnu --enable-libstdcxx-debug --enable-libstdcxx-time=yes --enable-gnu-unique-object --enable-plugin --with-system-zlib --enable-objc-gc --enable-targets=all --with-cloog --enable-cloog-backend=ppl --disable-cloog-version-check --disable-ppl-version-check --enable-multiarch --disable-werror --with-arch-32=i686 --with-multilib-list=m32,m64,mx32 --with-tune=generic --enable-checking=release --build=i686-linux-gnu --host=i686-linux-gnu --target=i686-linux-gnu
Thread model: posix
gcc version 4.7.3 (Ubuntu/Linaro 4.7.3-1ubuntu1) 
configure:11471: $? = 0
configure:11460: g++ -V >&5
g++: error: unrecognized command line option '-V'
g++: fatal error: no input files
compilation terminated.
configure:11471: $? = 4
configure:11460: g++ -qversion >&5
g++: error: unrecognized command line option '-qversion'
g++: fatal error: no input files
compilation terminated.
configure:11471: $? = 4
configure:11475: checking whether we are using the GNU C++ compiler
configure:11494: g++ -c   conftest.cpp >&5
configure:11494: $? = 0
configure:11503: result: yes
configure:11512: checking whether g++ accepts -g
configure:11532: g++ -c -g  conftest.cpp >&5
configure:11532: $? = 0
configure:11573: result: yes
configure:11598: checking dependency style of g++
configure:11709: result: gcc3
configure:11742: checking how to run the C++ preprocessor
configure:11769: g++ -E  conftest.cpp
configure:11769: $? = 0
configure:11783: g++ -E  conftest.cpp
conftest.cpp:23:28: fatal error: ac_nonexistent.h: No such file or directory
compilation terminated.
configure:11783: $? = 1
configure: failed program was:
| /* confdefs.h */
| #define PACKAGE_NAME "iDouMusic"
| #define PACKAGE_TARNAME "idoumusic"
| #define PACKAGE_VERSION "0.1"
| #define PACKAGE_STRING "iDouMusic 0.1"
| #define PACKAGE_BUGREPORT ""
| #define PACKAGE_URL ""
| #define PACKAGE "iDouMusic"
| #define VERSION "0.1"
| #define STDC_HEADERS 1
| #define HAVE_SYS_TYPES_H 1
| #define HAVE_SYS_STAT_H 1
| #define HAVE_STDLIB_H 1
| #define HAVE_STRING_H 1
| #define HAVE_MEMORY_H 1
| #define HAVE_STRINGS_H 1
| #define HAVE_INTTYPES_H 1
| #define HAVE_STDINT_H 1
| #define HAVE_UNISTD_H 1
| #define HAVE_DLFCN_H 1
| #define LT_OBJDIR ".libs/"
| /* end confdefs.h.  */
| #include <ac_nonexistent.h>
configure:11808: result: g++ -E
configure:11828: g++ -E  conftest.cpp
configure:11828: $? = 0
configure:11842: g++ -E  conftest.cpp
conftest.cpp:23:28: fatal error: ac_nonexistent.h: No such file or directory
compilation terminated.
configure:11842: $? = 1
configure: failed program was:
| /* confdefs.h */
| #define PACKAGE_NAME "iDouMusic"
| #define PACKAGE_TARNAME "idoumusic"
| #define PACKAGE_VERSION "0.1"
| #define PACKAGE_STRING "iDouMusic 0.1"
| #define PACKAGE_BUGREPORT ""
| #define PACKAGE_URL ""
| #define PACKAGE "iDouMusic"
| #define VERSION "0.1"
| #define STDC_HEADERS 1
| #define HAVE_SYS_TYPES_H 1
| #define HAVE_SYS_STAT_H 1
| #define HAVE_STDLIB_H 1
| #define HAVE_STRING_H 1
| #define HAVE_MEMORY_H 1
| #define HAVE_STRINGS_H 1
| #define HAVE_INTTYPES_H 1
| #define HAVE_STDINT_H 1
| #define HAVE_UNISTD_H 1
| #define HAVE_DLFCN_H 1
| #define LT_OBJDIR ".libs/"
| /* end confdefs.h.  */
| #include <ac_nonexistent.h>
configure:12011: checking for ld used by g++
configure:12078: result: /usr/bin/ld
configure:12085: checking if the linker (/usr/bin/ld) is GNU ld
configure:12100: result: yes
configure:12155: checking whether the g++ linker (/usr/bin/ld) supports shared libraries
configure:13157: result: yes
configure:13193: g++ -c -g -O2  conftest.cpp >&5
configure:13196: $? = 0
configure:13716: checking for g++ option to produce PIC
configure:13723: result: -fPIC -DPIC
configure:13731: checking if g++ PIC flag -fPIC -DPIC works
configure:13749: g++ -c -g -O2  -fPIC -DPIC -DPIC conftest.cpp >&5
configure:13753: $? = 0
configure:13766: result: yes
configure:13789: checking if g++ static flag -static works
configure:13817: result: yes
configure:13829: checking if g++ supports -c -o file.o
configure:13850: g++ -c -g -O2  -o out/conftest2.o conftest.cpp >&5
configure:13854: $? = 0
configure:13876: result: yes
configure:13881: checking if g++ supports -c -o file.o
configure:13928: result: yes
configure:13958: checking whether the g++ linker (/usr/bin/ld) supports shared libraries
configure:13997: result: yes
configure:14138: checking dynamic linker characteristics
configure:14806: result: GNU/Linux ld.so
configure:14859: checking how to hardcode library paths into programs
configure:14884: result: immediate
configure:14928: checking for gawk
configure:14955: result: mawk
configure:15014: checking for gcc
configure:15041: result: gcc
configure:15270: checking for C compiler version
configure:15279: gcc --version >&5
gcc (Ubuntu/Linaro 4.7.3-1ubuntu1) 4.7.3
Copyright (C) 2012 Free Software Foundation, Inc.
This is free software; see the source for copying conditions.  There is NO
warranty; not even for MERCHANTABILITY or FITNESS FOR A PARTICULAR PURPOSE.

configure:15290: $? = 0
configure:15279: gcc -v >&5
Using built-in specs.
COLLECT_GCC=gcc
COLLECT_LTO_WRAPPER=/usr/lib/gcc/i686-linux-gnu/4.7/lto-wrapper
Target: i686-linux-gnu
Configured with: ../src/configure -v --with-pkgversion='Ubuntu/Linaro 4.7.3-1ubuntu1' --with-bugurl=file:///usr/share/doc/gcc-4.7/README.Bugs --enable-languages=c,c++,go,fortran,objc,obj-c++ --prefix=/usr --program-suffix=-4.7 --enable-shared --enable-linker-build-id --libexecdir=/usr/lib --without-included-gettext --enable-threads=posix --with-gxx-include-dir=/usr/include/c++/4.7 --libdir=/usr/lib --enable-nls --with-sysroot=/ --enable-clocale=gnu --enable-libstdcxx-debug --enable-libstdcxx-time=yes --enable-gnu-unique-object --enable-plugin --with-system-zlib --enable-objc-gc --enable-targets=all --with-cloog --enable-cloog-backend=ppl --disable-cloog-version-check --disable-ppl-version-check --enable-multiarch --disable-werror --with-arch-32=i686 --with-multilib-list=m32,m64,mx32 --with-tune=generic --enable-checking=release --build=i686-linux-gnu --host=i686-linux-gnu --target=i686-linux-gnu
Thread model: posix
gcc version 4.7.3 (Ubuntu/Linaro 4.7.3-1ubuntu1) 
configure:15290: $? = 0
configure:15279: gcc -V >&5
gcc: error: unrecognized command line option '-V'
gcc: fatal error: no input files
compilation terminated.
configure:15290: $? = 4
configure:15279: gcc -qversion >&5
gcc: error: unrecognized command line option '-qversion'
gcc: fatal error: no input files
compilation terminated.
configure:15290: $? = 4
configure:15294: checking whether we are using the GNU C compiler
configure:15322: result: yes
configure:15331: checking whether gcc accepts -g
configure:15392: result: yes
configure:15409: checking for gcc option to accept ISO C89
configure:15485: result: none needed
configure:15507: checking dependency style of gcc
configure:15618: result: gcc3
configure:15638: checking how to run the C preprocessor
configure:15708: result: gcc -E
configure:15728: gcc -E  conftest.c
configure:15728: $? = 0
configure:15742: gcc -E  conftest.c
conftest.c:23:28: fatal error: ac_nonexistent.h: No such file or directory
compilation terminated.
configure:15742: $? = 1
configure: failed program was:
| /* confdefs.h */
| #define PACKAGE_NAME "iDouMusic"
| #define PACKAGE_TARNAME "idoumusic"
| #define PACKAGE_VERSION "0.1"
| #define PACKAGE_STRING "iDouMusic 0.1"
| #define PACKAGE_BUGREPORT ""
| #define PACKAGE_URL ""
| #define PACKAGE "iDouMusic"
| #define VERSION "0.1"
| #define STDC_HEADERS 1
| #define HAVE_SYS_TYPES_H 1
| #define HAVE_SYS_STAT_H 1
| #define HAVE_STDLIB_H 1
| #define HAVE_STRING_H 1
| #define HAVE_MEMORY_H 1
| #define HAVE_STRINGS_H 1
| #define HAVE_INTTYPES_H 1
| #define HAVE_STDINT_H 1
| #define HAVE_UNISTD_H 1
| #define HAVE_DLFCN_H 1
| #define LT_OBJDIR ".libs/"
| /* end confdefs.h.  */
| #include <ac_nonexistent.h>
configure:15771: checking whether ln -s works
configure:15775: result: yes
configure:15782: checking whether make sets $(MAKE)
configure:15804: result: yes
configure:15856: checking for ranlib
configure:15883: result: ranlib
configure:15961: checking for pkg-config
configure:15979: found /usr/bin/pkg-config
configure:15991: result: /usr/bin/pkg-config
configure:16016: checking pkg-config is at least version 0.9.0
configure:16019: result: yes
configure:16029: checking for GTK3
configure:16036: $PKG_CONFIG --exists --print-errors "gtk+-3.0"
configure:16039: $? = 0
configure:16053: $PKG_CONFIG --exists --print-errors "gtk+-3.0"
configure:16056: $? = 0
configure:16114: result: yes
configure:16120: checking for GST
configure:16127: $PKG_CONFIG --exists --print-errors "gstreamer-0.10"
configure:16130: $? = 0
configure:16144: $PKG_CONFIG --exists --print-errors "gstreamer-0.10"
configure:16147: $? = 0
configure:16205: result: yes
configure:16356: creating ./config.status

## ---------------- ##
## Cache variables. ##
## ---------------- ##

ac_cv_build=i686-pc-linux-gnu
ac_cv_c_compiler_gnu=yes
ac_cv_cxx_compiler_gnu=yes
ac_cv_env_CCC_set=
ac_cv_env_CCC_value=
ac_cv_env_CC_set=
ac_cv_env_CC_value=
ac_cv_env_CFLAGS_set=
ac_cv_env_CFLAGS_value=
ac_cv_env_CPPFLAGS_set=
ac_cv_env_CPPFLAGS_value=
ac_cv_env_CPP_set=
ac_cv_env_CPP_value=
ac_cv_env_CXXCPP_set=
ac_cv_env_CXXCPP_value=
ac_cv_env_CXXFLAGS_set=
ac_cv_env_CXXFLAGS_value=
ac_cv_env_CXX_set=
ac_cv_env_CXX_value=
ac_cv_env_GST_CFLAGS_set=
ac_cv_env_GST_CFLAGS_value=
ac_cv_env_GST_LIBS_set=
ac_cv_env_GST_LIBS_value=
ac_cv_env_GTK3_CFLAGS_set=
ac_cv_env_GTK3_CFLAGS_value=
ac_cv_env_GTK3_LIBS_set=
ac_cv_env_GTK3_LIBS_value=
ac_cv_env_LDFLAGS_set=
ac_cv_env_LDFLAGS_value=
ac_cv_env_LIBS_set=
ac_cv_env_LIBS_value=
ac_cv_env_PKG_CONFIG_LIBDIR_set=
ac_cv_env_PKG_CONFIG_LIBDIR_value=
ac_cv_env_PKG_CONFIG_PATH_set=
ac_cv_env_PKG_CONFIG_PATH_value=
ac_cv_env_PKG_CONFIG_set=
ac_cv_env_PKG_CONFIG_value=
ac_cv_env_build_alias_set=
ac_cv_env_build_alias_value=
ac_cv_env_host_alias_set=
ac_cv_env_host_alias_value=
ac_cv_env_target_alias_set=
ac_cv_env_target_alias_value=
ac_cv_header_dlfcn_h=yes
ac_cv_header_inttypes_h=yes
ac_cv_header_memory_h=yes
ac_cv_header_stdc=yes
ac_cv_header_stdint_h=yes
ac_cv_header_stdlib_h=yes
ac_cv_header_string_h=yes
ac_cv_header_strings_h=yes
ac_cv_header_sys_stat_h=yes
ac_cv_header_sys_types_h=yes
ac_cv_header_unistd_h=yes
ac_cv_host=i686-pc-linux-gnu
ac_cv_objext=o
ac_cv_path_EGREP='/bin/grep -E'
ac_cv_path_FGREP='/bin/grep -F'
ac_cv_path_GREP=/bin/grep
ac_cv_path_SED=/bin/sed
ac_cv_path_ac_pt_PKG_CONFIG=/usr/bin/pkg-config
ac_cv_path_install='/usr/bin/install -c'
ac_cv_path_mkdir=/bin/mkdir
ac_cv_prog_AWK=mawk
ac_cv_prog_CPP='gcc -E'
ac_cv_prog_CXXCPP='g++ -E'
ac_cv_prog_ac_ct_AR=ar
ac_cv_prog_ac_ct_CC=gcc
ac_cv_prog_ac_ct_CXX=g++
ac_cv_prog_ac_ct_MANIFEST_TOOL=mt
ac_cv_prog_ac_ct_OBJDUMP=objdump
ac_cv_prog_ac_ct_RANLIB=ranlib
ac_cv_prog_ac_ct_STRIP=strip
ac_cv_prog_cc_c89=
ac_cv_prog_cc_g=yes
ac_cv_prog_cxx_g=yes
ac_cv_prog_make_make_set=yes
am_cv_CC_dependencies_compiler_type=gcc3
am_cv_CXX_dependencies_compiler_type=gcc3
lt_cv_ar_at_file=@
lt_cv_archive_cmds_need_lc=no
lt_cv_deplibs_check_method=pass_all
lt_cv_file_magic_cmd='$MAGIC_CMD'
lt_cv_file_magic_test_file=
lt_cv_ld_reload_flag=-r
lt_cv_nm_interface='BSD nm'
lt_cv_objdir=.libs
lt_cv_path_LD=/usr/bin/ld
lt_cv_path_LDCXX=/usr/bin/ld
lt_cv_path_NM='/usr/bin/nm -B'
lt_cv_path_mainfest_tool=no
lt_cv_prog_compiler_c_o=yes
lt_cv_prog_compiler_c_o_CXX=yes
lt_cv_prog_compiler_pic='-fPIC -DPIC'
lt_cv_prog_compiler_pic_CXX='-fPIC -DPIC'
lt_cv_prog_compiler_pic_works=yes
lt_cv_prog_compiler_pic_works_CXX=yes
lt_cv_prog_compiler_rtti_exceptions=no
lt_cv_prog_compiler_static_works=yes
lt_cv_prog_compiler_static_works_CXX=yes
lt_cv_prog_gnu_ld=yes
lt_cv_prog_gnu_ldcxx=yes
lt_cv_sharedlib_from_linklib_cmd='printf %s\n'
lt_cv_shlibpath_overrides_runpath=no
lt_cv_sys_global_symbol_pipe='sed -n -e '\''s/^.*[	 ]\([ABCDGIRSTW][ABCDGIRSTW]*\)[	 ][	 ]*\([_A-Za-z][_A-Za-z0-9]*\)$/\1 \2 \2/p'\'' | sed '\''/ __gnu_lto/d'\'''
lt_cv_sys_global_symbol_to_c_name_address='sed -n -e '\''s/^: \([^ ]*\)[ ]*$/  {\"\1\", (void *) 0},/p'\'' -e '\''s/^[ABCDGIRSTW]* \([^ ]*\) \([^ ]*\)$/  {"\2", (void *) \&\2},/p'\'''
lt_cv_sys_global_symbol_to_c_name_address_lib_prefix='sed -n -e '\''s/^: \([^ ]*\)[ ]*$/  {\"\1\", (void *) 0},/p'\'' -e '\''s/^[ABCDGIRSTW]* \([^ ]*\) \(lib[^ ]*\)$/  {"\2", (void *) \&\2},/p'\'' -e '\''s/^[ABCDGIRSTW]* \([^ ]*\) \([^ ]*\)$/  {"lib\2", (void *) \&\2},/p'\'''
lt_cv_sys_global_symbol_to_cdecl='sed -n -e '\''s/^T .* \(.*\)$/extern int \1();/p'\'' -e '\''s/^[ABCDGIRSTW]* .* \(.*\)$/extern char \1;/p'\'''
lt_cv_sys_max_cmd_len=805306365
lt_cv_to_host_file_cmd=func_convert_file_noop
lt_cv_to_tool_file_cmd=func_convert_file_noop
pkg_cv_GST_CFLAGS='-pthread -I/usr/include/gstreamer-0.10 -I/usr/include/glib-2.0 -I/usr/lib/i386-linux-gnu/glib-2.0/include -I/usr/include/libxml2  '
pkg_cv_GST_LIBS='-pthread -lgstreamer-0.10 -lgobject-2.0 -lgmodule-2.0 -lgthread-2.0 -lxml2 -lglib-2.0  '
pkg_cv_GTK3_CFLAGS='-pthread -I/usr/include/gtk-3.0 -I/usr/include/atk-1.0 -I/usr/include/at-spi2-atk/2.0 -I/usr/include/pango-1.0 -I/usr/include/gio-unix-2.0/ -I/usr/include/cairo -I/usr/include/gdk-pixbuf-2.0 -I/usr/include/glib-2.0 -I/usr/lib/i386-linux-gnu/glib-2.0/include -I/usr/include/harfbuzz -I/usr/include/freetype2 -I/usr/include/pixman-1 -I/usr/include/libpng12  '
pkg_cv_GTK3_LIBS='-lgtk-3 -lgdk-3 -latk-1.0 -lgio-2.0 -lpangocairo-1.0 -lgdk_pixbuf-2.0 -lcairo-gobject -lpango-1.0 -lcairo -lgobject-2.0 -lglib-2.0  '

## ----------------- ##
## Output variables. ##
## ----------------- ##

ACLOCAL='${SHELL} /home/yjq/gtk/idou-music/missing --run aclocal-1.11'
AMDEPBACKSLASH='\'
AMDEP_FALSE='#'
AMDEP_TRUE=''
AMTAR='$${TAR-tar}'
AR='ar'
AUTOCONF='${SHELL} /home/yjq/gtk/idou-music/missing --run autoconf'
AUTOHEADER='${SHELL} /home/yjq/gtk/idou-music/missing --run autoheader'
AUTOMAKE='${SHELL} /home/yjq/gtk/idou-music/missing --run automake-1.11'
AWK='mawk'
CC='gcc'
CCDEPMODE='depmode=gcc3'
CFLAGS='-g -O2'
CPP='gcc -E'
CPPFLAGS=''
CXX='g++'
CXXCPP='g++ -E'
CXXDEPMODE='depmode=gcc3'
CXXFLAGS='-g -O2'
CYGPATH_W='echo'
DEFS='-DHAVE_CONFIG_H'
DEPDIR='.deps'
DLLTOOL='false'
DSYMUTIL=''
DUMPBIN=''
ECHO_C=''
ECHO_N='-n'
ECHO_T=''
EGREP='/bin/grep -E'
EXEEXT=''
FGREP='/bin/grep -F'
GREP='/bin/grep'
GST_CFLAGS='-pthread -I/usr/include/gstreamer-0.10 -I/usr/include/glib-2.0 -I/usr/lib/i386-linux-gnu/glib-2.0/include -I/usr/include/libxml2  '
GST_LIBS='-pthread -lgstreamer-0.10 -lgobject-2.0 -lgmodule-2.0 -lgthread-2.0 -lxml2 -lglib-2.0  '
GTK3_CFLAGS='-pthread -I/usr/include/gtk-3.0 -I/usr/include/atk-1.0 -I/usr/include/at-spi2-atk/2.0 -I/usr/include/pango-1.0 -I/usr/include/gio-unix-2.0/ -I/usr/include/cairo -I/usr/include/gdk-pixbuf-2.0 -I/usr/include/glib-2.0 -I/usr/lib/i386-linux-gnu/glib-2.0/include -I/usr/include/harfbuzz -I/usr/include/freetype2 -I/usr/include/pixman-1 -I/usr/include/libpng12  '
GTK3_LIBS='-lgtk-3 -lgdk-3 -latk-1.0 -lgio-2.0 -lpangocairo-1.0 -lgdk_pixbuf-2.0 -lcairo-gobject -lpango-1.0 -lcairo -lgobject-2.0 -lglib-2.0  '
INSTALL_DATA='${INSTALL} -m 644'
INSTALL_PROGRAM='${INSTALL}'
INSTALL_SCRIPT='${INSTALL}'
INSTALL_STRIP_PROGRAM='$(install_sh) -c -s'
LD='/usr/bin/ld'
LDFLAGS=''
LIBOBJS=''
LIBS=''
LIBTOOL='$(SHELL) $(top_builddir)/libtool'
LIPO=''
LN_S='ln -s'
LTLIBOBJS=''
MAKEINFO='${SHELL} /home/yjq/gtk/idou-music/missing --run makeinfo'
MANIFEST_TOOL=':'
MKDIR_P='/bin/mkdir -p'
NM='/usr/bin/nm -B'
NMEDIT=''
OBJDUMP='objdump'
OBJEXT='o'
OTOOL64=''
OTOOL=''
PACKAGE='iDouMusic'
PACKAGE_BUGREPORT=''
PACKAGE_NAME='iDouMusic'
PACKAGE_STRING='iDouMusic 0.1'
PACKAGE_TARNAME='idoumusic'
PACKAGE_URL=''
PACKAGE_VERSION='0.1'
PATH_SEPARATOR=':'
PKG_CONFIG='/usr/bin/pkg-config'
PKG_CONFIG_LIBDIR=''
PKG_CONFIG_PATH=''
RANLIB='ranlib'
SED='/bin/sed'
SET_MAKE=''
SHELL='/bin/bash'
STRIP='strip'
VERSION='0.1'
ac_ct_AR='ar'
ac_ct_CC='gcc'
ac_ct_CXX='g++'
ac_ct_DUMPBIN=''
am__EXEEXT_FALSE=''
am__EXEEXT_TRUE='#'
am__fastdepCC_FALSE='#'
am__fastdepCC_TRUE=''
am__fastdepCXX_FALSE='#'
am__fastdepCXX_TRUE=''
am__include='include'
am__isrc=''
am__leading_dot='.'
am__nodep='_no'
am__quote=''
am__tar='$${TAR-tar} chof - "$$tardir"'
am__untar='$${TAR-tar} xf -'
bindir='${exec_prefix}/bin'
build='i686-pc-linux-gnu'
build_alias=''
build_cpu='i686'
build_os='linux-gnu'
build_vendor='pc'
datadir='${datarootdir}'
datarootdir='${prefix}/share'
docdir='${datarootdir}/doc/${PACKAGE_TARNAME}'
dvidir='${docdir}'
exec_prefix='${prefix}'
host='i686-pc-linux-gnu'
host_alias=''
host_cpu='i686'
host_os='linux-gnu'
host_vendor='pc'
htmldir='${docdir}'
includedir='${prefix}/include'
infodir='${datarootdir}/info'
install_sh='${SHELL} /home/yjq/gtk/idou-music/install-sh'
libdir='${exec_prefix}/lib'
libexecdir='${exec_prefix}/libexec'
localedir='${datarootdir}/locale'
localstatedir='${prefix}/var'
mandir='${datarootdir}/man'
mkdir_p='/bin/mkdir -p'
oldincludedir='/usr/include'
pdfdir='${docdir}'
prefix='/home/yjq/Desktop/build'
program_transform_name='s,x,x,'
psdir='${docdir}'
sbindir='${exec_prefix}/sbin'
sharedstatedir='${prefix}/com'
sysconfdir='${prefix}/etc'
target_alias=''

## ----------- ##
## confdefs.h. ##
## ----------- ##

/* confdefs.h */
#define PACKAGE_NAME "iDouMusic"
#define PACKAGE_TARNAME "idoumusic"
#define PACKAGE_VERSION "0.1"
#define PACKAGE_STRING "iDouMusic 0.1"
#define PACKAGE_BUGREPORT ""
#define PACKAGE_URL ""
#define PACKAGE "iDouMusic"
#define VERSION "0.1"
#define STDC_HEADERS 1
#define HAVE_SYS_TYPES_H 1
#define HAVE_SYS_STAT_H 1
#define HAVE_STDLIB_H 1
#define HAVE_STRING_H 1
#define HAVE_MEMORY_H 1
#define HAVE_STRINGS_H 1
#define HAVE_INTTYPES_H 1
#define HAVE_STDINT_H 1
#define HAVE_UNISTD_H 1
#define HAVE_DLFCN_H 1
#define LT_OBJDIR ".libs/"

configure: exit 0

## ---------------------- ##
## Running config.status. ##
## ---------------------- ##

This file was extended by iDouMusic config.status 0.1, which was
generated by GNU Autoconf 2.69.  Invocation command line was

  CONFIG_FILES    = 
  CONFIG_HEADERS  = 
  CONFIG_LINKS    = 
  CONFIG_COMMANDS = 
  $ ./config.status 

on yjq-pc

config.status:1160: creating Makefile
config.status:1160: creating resource/Makefile
config.status:1160: creating resource/image/Makefile
config.status:1160: creating resource/image/button/Makefile
config.status:1160: creating resource/image/skin/Makefile
config.status:1160: creating resource/image/icon/Makefile
config.status:1160: creating resource/image/playmode/Makefile
config.status:1160: creating resource/image/combobox/Makefile
config.status:1160: creating src/Makefile
config.status:1160: creating src/tools/Makefile
config.status:1160: creating src/itk/Makefile
config.status:1160: creating src/app/Makefile
config.status:1160: creating src/gui/Makefile
config.status:1160: creating config.h
config.status:1341: config.h is unchanged
config.status:1389: executing depfiles commands
config.status:1389: executing libtool commands

## ---------------------- ##
## Running config.status. ##
## ---------------------- ##

This file was extended by iDouMusic config.status 0.1, which was
generated by GNU Autoconf 2.69.  Invocation command line was

  CONFIG_FILES    = 
  CONFIG_HEADERS  = 
  CONFIG_LINKS    = 
  CONFIG_COMMANDS = 
  $ ./config.status config.h

on yjq-pc

config.status:1160: creating config.h
config.status:1341: config.h is unchanged

## ---------------------- ##
## Running config.status. ##
## ---------------------- ##

This file was extended by iDouMusic config.status 0.1, which was
generated by GNU Autoconf 2.69.  Invocation command line was

  CONFIG_FILES    = 
  CONFIG_HEADERS  = 
  CONFIG_LINKS    = 
  CONFIG_COMMANDS = 
  $ ./config.status src/Makefile

on yjq-pc

config.status:1160: creating src/Makefile

## ---------------------- ##
## Running config.status. ##
## ---------------------- ##

This file was extended by iDouMusic config.status 0.1, which was
generated by GNU Autoconf 2.69.  Invocation command line was

  CONFIG_FILES    = 
  CONFIG_HEADERS  = 
  CONFIG_LINKS    = 
  CONFIG_COMMANDS = 
  $ ./config.status src/itk/Makefile depfiles

on yjq-pc

config.status:1160: creating src/itk/Makefile
config.status:1389: executing depfiles commands

## ---------------------- ##
## Running config.status. ##
## ---------------------- ##

This file was extended by iDouMusic config.status 0.1, which was
generated by GNU Autoconf 2.69.  Invocation command line was

  CONFIG_FILES    = 
  CONFIG_HEADERS  = 
  CONFIG_LINKS    = 
  CONFIG_COMMANDS = 
  $ ./config.status src/itk/Makefile depfiles

on yjq-pc

config.status:1160: creating src/itk/Makefile
config.status:1389: executing depfiles commands

## ---------------------- ##
## Running config.status. ##
## ---------------------- ##

This file was extended by iDouMusic config.status 0.1, which was
generated by GNU Autoconf 2.69.  Invocation command line was

  CONFIG_FILES    = 
  CONFIG_HEADERS  = 
  CONFIG_LINKS    = 
  CONFIG_COMMANDS = 
  $ ./config.status src/gui/Makefile depfiles

on yjq-pc

config.status:1160: creating src/gui/Makefile
config.status:1389: executing depfiles commands
